2021-06-24 21:01:43,198:INFO:PyCaret Supervised Module
2021-06-24 21:01:43,198:INFO:ML Usecase: classification
2021-06-24 21:01:43,198:INFO:version 2.3.1
2021-06-24 21:01:43,198:INFO:Initializing setup()
2021-06-24 21:01:43,198:INFO:setup(target=default, ml_usecase=classification, available_plots={'parameter': 'Hyperparameters', 'auc': 'AUC', 'confusion_matrix': 'Confusion Matrix', 'threshold': 'Threshold', 'pr': 'Precision Recall', 'error': 'Prediction Error', 'class_report': 'Class Report', 'rfe': 'Feature Selection', 'learning': 'Learning Curve', 'manifold': 'Manifold Learning', 'calibration': 'Calibration Curve', 'vc': 'Validation Curve', 'dimension': 'Dimensions', 'feature': 'Feature Importance', 'feature_all': 'Feature Importance (All)', 'boundary': 'Decision Boundary', 'lift': 'Lift Chart', 'gain': 'Gain Chart', 'tree': 'Decision Tree'}, train_size=0.7, test_data=None, preprocess=True, imputation_type=simple, iterative_imputation_iters=5, categorical_features=None, categorical_imputation=constant, categorical_iterative_imputer=lightgbm, ordinal_features=None, high_cardinality_features=None, high_cardinality_method=frequency, numeric_features=None, numeric_imputation=mean, numeric_iterative_imputer=lightgbm, date_features=None, ignore_features=None, normalize=False, normalize_method=zscore, transformation=False, transformation_method=yeo-johnson, handle_unknown_categorical=True, unknown_categorical_method=least_frequent, pca=False, pca_method=linear, pca_components=None, ignore_low_variance=False, combine_rare_levels=False, rare_level_threshold=0.1, bin_numeric_features=None, remove_outliers=False, outliers_threshold=0.05, remove_multicollinearity=False, multicollinearity_threshold=0.9, remove_perfect_collinearity=True, create_clusters=False, cluster_iter=20, polynomial_features=False, polynomial_degree=2, trigonometry_features=False, polynomial_threshold=0.1, group_features=None, group_names=None, feature_selection=False, feature_selection_threshold=0.8, feature_selection_method=classic, feature_interaction=False, feature_ratio=False, interaction_threshold=0.01, fix_imbalance=False, fix_imbalance_method=None, transform_target=False, transform_target_method=box-cox, data_split_shuffle=True, data_split_stratify=False, fold_strategy=stratifiedkfold, fold=10, fold_shuffle=False, fold_groups=None, n_jobs=-1, use_gpu=False, custom_pipeline=None, html=True, session_id=42, log_experiment=False, experiment_name=None, log_plots=False, log_profile=False, log_data=False, silent=False, verbose=True, profile=False, profile_kwargs=None, display=None)
2021-06-24 21:01:43,198:INFO:Checking environment
2021-06-24 21:01:43,198:INFO:python_version: 3.8.6
2021-06-24 21:01:43,198:INFO:python_build: ('default', 'May 27 2021 13:28:02')
2021-06-24 21:01:43,198:INFO:machine: x86_64
2021-06-24 21:01:43,291:INFO:platform: Linux-5.11.0-7614-generic-x86_64-with-glibc2.32
2021-06-24 21:01:43,291:INFO:Memory: svmem(total=8172920832, available=2714853376, percent=66.8, used=4599201792, free=1015463936, active=1575845888, inactive=4953157632, buffers=237817856, cached=2320437248, shared=546705408, slab=281055232)
2021-06-24 21:01:43,292:INFO:Physical Core: 4
2021-06-24 21:01:43,292:INFO:Logical Core: 8
2021-06-24 21:01:43,292:INFO:Checking libraries
2021-06-24 21:01:43,292:INFO:pd==1.2.5
2021-06-24 21:01:43,292:INFO:numpy==1.19.5
2021-06-24 21:01:43,292:INFO:sklearn==0.23.2
2021-06-24 21:01:43,292:INFO:lightgbm==3.2.1
2021-06-24 21:01:43,311:INFO:catboost==0.26
2021-06-24 21:01:43,380:INFO:xgboost==1.4.2
2021-06-24 21:01:44,766:INFO:mlflow==1.18.0
2021-06-24 21:01:44,766:INFO:Checking Exceptions
2021-06-24 21:01:44,766:INFO:Declaring global variables
2021-06-24 21:01:44,767:INFO:USI: 8cff
2021-06-24 21:01:44,767:INFO:pycaret_globals: {'experiment__', 'pycaret_globals', 'fold_shuffle_param', 'n_jobs_param', 'exp_name_log', 'fold_groups_param_full', 'y_train', '_gpu_n_jobs_param', 'target_param', 'transform_target_param', 'fold_groups_param', 'master_model_container', 'y', 'iterative_imputation_iters_param', '_ml_usecase', 'X_test', 'stratify_param', 'X_train', '_available_plots', 'fold_generator', 'seed', 'fix_imbalance_method_param', 'fix_imbalance_param', 'create_model_container', 'log_plots_param', 'data_before_preprocess', 'gpu_param', 'imputation_classifier', '_all_models_internal', 'y_test', '_all_models', 'logging_param', 'prep_pipe', 'html_param', 'X', '_all_metrics', 'transform_target_method_param', 'display_container', 'imputation_regressor', 'USI', 'fold_param', '_internal_pipeline'}
2021-06-24 21:01:44,767:INFO:Preparing display monitor
2021-06-24 21:01:44,767:INFO:Preparing display monitor
2021-06-24 21:01:44,782:INFO:Importing libraries
2021-06-24 21:01:44,782:INFO:Copying data for preprocessing
2021-06-24 21:01:44,793:INFO:Declaring preprocessing parameters
2021-06-24 21:01:44,798:INFO:Creating preprocessing pipeline
2021-06-24 21:01:44,904:INFO:Preprocessing pipeline created successfully
2021-06-24 21:01:44,904:ERROR:(Process Exit): setup has been interupted with user command 'quit'. setup must rerun.
2021-06-24 21:01:44,904:INFO:Creating global containers
2021-06-24 21:01:44,917:INFO:Internal pipeline: Pipeline(memory=None, steps=[('empty_step', 'passthrough')], verbose=False)
2021-06-24 21:01:48,361:INFO:Creating grid variables
2021-06-24 21:01:48,400:INFO:create_model_container: 0
2021-06-24 21:01:48,400:INFO:master_model_container: 0
2021-06-24 21:01:48,400:INFO:display_container: 1
2021-06-24 21:01:48,404:INFO:Pipeline(memory=None,
         steps=[('dtypes',
                 DataTypes_Auto_infer(categorical_features=[],
                                      display_types=True, features_todrop=[],
                                      id_columns=[],
                                      ml_usecase='classification',
                                      numerical_features=[], target='default',
                                      time_features=[])),
                ('imputer',
                 Simple_Imputer(categorical_strategy='not_available',
                                fill_value_categorical=None,
                                fill_value_numerical=None,
                                numeric_stra...
                ('scaling', 'passthrough'), ('P_transform', 'passthrough'),
                ('binn', 'passthrough'), ('rem_outliers', 'passthrough'),
                ('cluster_all', 'passthrough'),
                ('dummy', Dummify(target='default')),
                ('fix_perfect', Remove_100(target='default')),
                ('clean_names', Clean_Colum_Names()),
                ('feature_select', 'passthrough'), ('fix_multi', 'passthrough'),
                ('dfs', 'passthrough'), ('pca', 'passthrough')],
         verbose=False)
2021-06-24 21:01:48,404:INFO:setup() succesfully completed......................................
2021-06-24 21:02:19,844:INFO:Initializing create_model()
2021-06-24 21:02:19,844:INFO:create_model(estimator=ridge, fold=None, round=4, cross_validation=True, predict=True, fit_kwargs=None, groups=None, refit=True, verbose=True, system=True, metrics=None, display=None, kwargs={})
2021-06-24 21:02:19,844:INFO:Checking exceptions
2021-06-24 21:02:19,844:INFO:Preparing display monitor
2021-06-24 21:02:19,867:INFO:Importing libraries
2021-06-24 21:02:19,868:INFO:Copying training dataset
2021-06-24 21:02:19,871:INFO:Defining folds
2021-06-24 21:02:19,871:INFO:Declaring metric variables
2021-06-24 21:02:19,883:INFO:Importing untrained model
2021-06-24 21:02:19,890:INFO:Ridge Classifier Imported succesfully
2021-06-24 21:02:19,905:INFO:Starting cross validation
2021-06-24 21:02:19,905:INFO:Cross validating with StratifiedKFold(n_splits=10, random_state=None, shuffle=False), n_jobs=-1
2021-06-24 21:02:24,822:INFO:Calculating mean and std
2021-06-24 21:02:24,824:INFO:Creating metrics dataframe
2021-06-24 21:02:24,842:INFO:Finalizing model
2021-06-24 21:02:25,080:INFO:Uploading results into container
2021-06-24 21:02:25,080:INFO:Uploading model into container now
2021-06-24 21:02:25,196:INFO:create_model_container: 1
2021-06-24 21:02:25,196:INFO:master_model_container: 1
2021-06-24 21:02:25,197:INFO:display_container: 2
2021-06-24 21:02:25,197:INFO:RidgeClassifier(alpha=1.0, class_weight=None, copy_X=True, fit_intercept=True,
                max_iter=None, normalize=False, random_state=42, solver='auto',
                tol=0.001)
2021-06-24 21:02:25,197:INFO:create_model() succesfully completed......................................
2021-06-24 21:02:48,088:INFO:Initializing create_model()
2021-06-24 21:02:48,088:INFO:create_model(estimator=knn, fold=None, round=4, cross_validation=True, predict=True, fit_kwargs=None, groups=None, refit=True, verbose=True, system=True, metrics=None, display=None, kwargs={})
2021-06-24 21:02:48,088:INFO:Checking exceptions
2021-06-24 21:02:48,088:INFO:Preparing display monitor
2021-06-24 21:02:48,109:INFO:Importing libraries
2021-06-24 21:02:48,109:INFO:Copying training dataset
2021-06-24 21:02:48,112:INFO:Defining folds
2021-06-24 21:02:48,112:INFO:Declaring metric variables
2021-06-24 21:02:48,122:INFO:Importing untrained model
2021-06-24 21:02:48,130:INFO:K Neighbors Classifier Imported succesfully
2021-06-24 21:02:48,145:INFO:Starting cross validation
2021-06-24 21:02:48,146:INFO:Cross validating with StratifiedKFold(n_splits=10, random_state=None, shuffle=False), n_jobs=-1
2021-06-24 21:02:55,133:INFO:Calculating mean and std
2021-06-24 21:02:55,134:INFO:Creating metrics dataframe
2021-06-24 21:02:55,143:INFO:Finalizing model
2021-06-24 21:02:55,387:INFO:Uploading results into container
2021-06-24 21:02:55,387:INFO:Uploading model into container now
2021-06-24 21:02:55,402:INFO:create_model_container: 2
2021-06-24 21:02:55,402:INFO:master_model_container: 2
2021-06-24 21:02:55,403:INFO:display_container: 3
2021-06-24 21:02:55,403:INFO:KNeighborsClassifier(algorithm='auto', leaf_size=30, metric='minkowski',
                     metric_params=None, n_jobs=-1, n_neighbors=5, p=2,
                     weights='uniform')
2021-06-24 21:02:55,403:INFO:create_model() succesfully completed......................................
2021-06-24 21:03:08,979:INFO:Initializing create_model()
2021-06-24 21:03:08,979:INFO:create_model(estimator=rf, fold=None, round=4, cross_validation=True, predict=True, fit_kwargs=None, groups=None, refit=True, verbose=True, system=True, metrics=None, display=None, kwargs={})
2021-06-24 21:03:08,979:INFO:Checking exceptions
2021-06-24 21:03:08,979:INFO:Preparing display monitor
2021-06-24 21:03:09,006:INFO:Importing libraries
2021-06-24 21:03:09,006:INFO:Copying training dataset
2021-06-24 21:03:09,011:INFO:Defining folds
2021-06-24 21:03:09,011:INFO:Declaring metric variables
2021-06-24 21:03:09,020:INFO:Importing untrained model
2021-06-24 21:03:09,030:INFO:Random Forest Classifier Imported succesfully
2021-06-24 21:03:09,047:INFO:Starting cross validation
2021-06-24 21:03:09,048:INFO:Cross validating with StratifiedKFold(n_splits=10, random_state=None, shuffle=False), n_jobs=-1
2021-06-24 21:03:24,395:INFO:Calculating mean and std
2021-06-24 21:03:24,396:INFO:Creating metrics dataframe
2021-06-24 21:03:24,408:INFO:Finalizing model
2021-06-24 21:03:26,991:INFO:Uploading results into container
2021-06-24 21:03:26,991:INFO:Uploading model into container now
2021-06-24 21:03:27,011:INFO:create_model_container: 3
2021-06-24 21:03:27,011:INFO:master_model_container: 3
2021-06-24 21:03:27,011:INFO:display_container: 4
2021-06-24 21:03:27,012:INFO:RandomForestClassifier(bootstrap=True, ccp_alpha=0.0, class_weight=None,
                       criterion='gini', max_depth=None, max_features='auto',
                       max_leaf_nodes=None, max_samples=None,
                       min_impurity_decrease=0.0, min_impurity_split=None,
                       min_samples_leaf=1, min_samples_split=2,
                       min_weight_fraction_leaf=0.0, n_estimators=100,
                       n_jobs=-1, oob_score=False, random_state=42, verbose=0,
                       warm_start=False)
2021-06-24 21:03:27,012:INFO:create_model() succesfully completed......................................
2021-06-24 21:03:41,797:INFO:Initializing tune_model()
2021-06-24 21:03:41,988:INFO:tune_model(estimator=RidgeClassifier(alpha=1.0, class_weight=None, copy_X=True, fit_intercept=True,
                max_iter=None, normalize=False, random_state=42, solver='auto',
                tol=0.001), fold=None, round=4, n_iter=10, custom_grid=None, optimize=Accuracy, custom_scorer=None, search_library=scikit-learn, search_algorithm=None, early_stopping=False, early_stopping_max_iters=10, choose_better=False, fit_kwargs=None, groups=None, return_tuner=False, verbose=True, tuner_verbose=True, display=None, kwargs={})
2021-06-24 21:03:41,989:INFO:Checking exceptions
2021-06-24 21:03:41,990:INFO:Preparing display monitor
2021-06-24 21:03:42,013:INFO:Copying training dataset
2021-06-24 21:03:42,017:INFO:Checking base model
2021-06-24 21:03:42,019:INFO:Base model : Ridge Classifier
2021-06-24 21:03:42,028:INFO:Declaring metric variables
2021-06-24 21:03:42,035:INFO:Defining Hyperparameters
2021-06-24 21:03:42,121:INFO:Tuning with n_jobs=-1
2021-06-24 21:03:42,121:INFO:Initializing RandomizedSearchCV
2021-06-24 21:03:44,901:INFO:best_params: {'actual_estimator__normalize': True, 'actual_estimator__fit_intercept': False, 'actual_estimator__alpha': 2.83}
2021-06-24 21:03:44,902:INFO:Hyperparameter search completed
2021-06-24 21:03:44,902:INFO:SubProcess create_model() called ==================================
2021-06-24 21:03:44,902:INFO:Initializing create_model()
2021-06-24 21:03:44,902:INFO:create_model(estimator=RidgeClassifier(alpha=1.0, class_weight=None, copy_X=True, fit_intercept=True,
                max_iter=None, normalize=False, random_state=42, solver='auto',
                tol=0.001), fold=StratifiedKFold(n_splits=10, random_state=None, shuffle=False), round=4, cross_validation=True, predict=True, fit_kwargs={}, groups=None, refit=True, verbose=True, system=False, metrics=None, display=<pycaret.internal.Display.Display object at 0x7f934c0c1310>, kwargs={'normalize': True, 'fit_intercept': False, 'alpha': 2.83})
2021-06-24 21:03:44,903:INFO:Checking exceptions
2021-06-24 21:03:44,903:INFO:Importing libraries
2021-06-24 21:03:44,903:INFO:Copying training dataset
2021-06-24 21:03:44,904:INFO:Defining folds
2021-06-24 21:03:44,904:INFO:Declaring metric variables
2021-06-24 21:03:44,914:INFO:Importing untrained model
2021-06-24 21:03:44,914:INFO:Declaring custom model
2021-06-24 21:03:44,924:INFO:Ridge Classifier Imported succesfully
2021-06-24 21:03:44,946:INFO:Starting cross validation
2021-06-24 21:03:44,947:INFO:Cross validating with StratifiedKFold(n_splits=10, random_state=None, shuffle=False), n_jobs=-1
2021-06-24 21:03:45,363:INFO:Calculating mean and std
2021-06-24 21:03:45,364:INFO:Creating metrics dataframe
2021-06-24 21:03:45,377:INFO:Finalizing model
2021-06-24 21:03:45,622:INFO:Uploading results into container
2021-06-24 21:03:45,623:INFO:Uploading model into container now
2021-06-24 21:03:45,623:INFO:create_model_container: 4
2021-06-24 21:03:45,623:INFO:master_model_container: 4
2021-06-24 21:03:45,623:INFO:display_container: 5
2021-06-24 21:03:45,623:INFO:RidgeClassifier(alpha=2.83, class_weight=None, copy_X=True, fit_intercept=False,
                max_iter=None, normalize=True, random_state=42, solver='auto',
                tol=0.001)
2021-06-24 21:03:45,623:INFO:create_model() succesfully completed......................................
2021-06-24 21:03:45,804:INFO:SubProcess create_model() end ==================================
2021-06-24 21:03:45,839:INFO:create_model_container: 4
2021-06-24 21:03:45,839:INFO:master_model_container: 4
2021-06-24 21:03:45,839:INFO:display_container: 5
2021-06-24 21:03:45,839:INFO:RidgeClassifier(alpha=2.83, class_weight=None, copy_X=True, fit_intercept=False,
                max_iter=None, normalize=True, random_state=42, solver='auto',
                tol=0.001)
2021-06-24 21:03:45,839:INFO:tune_model() succesfully completed......................................
2021-06-24 21:04:24,506:INFO:Initializing tune_model()
2021-06-24 21:04:24,507:INFO:tune_model(estimator=KNeighborsClassifier(algorithm='auto', leaf_size=30, metric='minkowski',
                     metric_params=None, n_jobs=-1, n_neighbors=5, p=2,
                     weights='uniform'), fold=None, round=4, n_iter=10, custom_grid=None, optimize=Accuracy, custom_scorer=None, search_library=scikit-learn, search_algorithm=None, early_stopping=False, early_stopping_max_iters=10, choose_better=False, fit_kwargs=None, groups=None, return_tuner=False, verbose=True, tuner_verbose=True, display=None, kwargs={})
2021-06-24 21:04:24,507:INFO:Checking exceptions
2021-06-24 21:04:24,508:INFO:Preparing display monitor
2021-06-24 21:04:24,529:INFO:Copying training dataset
2021-06-24 21:04:24,532:INFO:Checking base model
2021-06-24 21:04:24,532:INFO:Base model : K Neighbors Classifier
2021-06-24 21:04:24,543:INFO:Declaring metric variables
2021-06-24 21:04:24,552:INFO:Defining Hyperparameters
2021-06-24 21:04:24,674:INFO:Tuning with n_jobs=-1
2021-06-24 21:04:24,674:INFO:Initializing RandomizedSearchCV
2021-06-24 21:05:06,195:INFO:best_params: {'actual_estimator__weights': 'uniform', 'actual_estimator__n_neighbors': 45, 'actual_estimator__metric': 'euclidean'}
2021-06-24 21:05:06,196:INFO:Hyperparameter search completed
2021-06-24 21:05:06,196:INFO:SubProcess create_model() called ==================================
2021-06-24 21:05:06,197:INFO:Initializing create_model()
2021-06-24 21:05:06,197:INFO:create_model(estimator=KNeighborsClassifier(algorithm='auto', leaf_size=30, metric='minkowski',
                     metric_params=None, n_jobs=-1, n_neighbors=5, p=2,
                     weights='uniform'), fold=StratifiedKFold(n_splits=10, random_state=None, shuffle=False), round=4, cross_validation=True, predict=True, fit_kwargs={}, groups=None, refit=True, verbose=True, system=False, metrics=None, display=<pycaret.internal.Display.Display object at 0x7f9291e53520>, kwargs={'weights': 'uniform', 'n_neighbors': 45, 'metric': 'euclidean'})
2021-06-24 21:05:06,197:INFO:Checking exceptions
2021-06-24 21:05:06,197:INFO:Importing libraries
2021-06-24 21:05:06,197:INFO:Copying training dataset
2021-06-24 21:05:06,199:INFO:Defining folds
2021-06-24 21:05:06,199:INFO:Declaring metric variables
2021-06-24 21:05:06,207:INFO:Importing untrained model
2021-06-24 21:05:06,207:INFO:Declaring custom model
2021-06-24 21:05:06,222:INFO:K Neighbors Classifier Imported succesfully
2021-06-24 21:05:06,238:INFO:Starting cross validation
2021-06-24 21:05:06,238:INFO:Cross validating with StratifiedKFold(n_splits=10, random_state=None, shuffle=False), n_jobs=-1
2021-06-24 21:05:14,709:INFO:Calculating mean and std
2021-06-24 21:05:14,710:INFO:Creating metrics dataframe
2021-06-24 21:05:14,720:INFO:Finalizing model
2021-06-24 21:05:14,951:INFO:Uploading results into container
2021-06-24 21:05:14,951:INFO:Uploading model into container now
2021-06-24 21:05:14,951:INFO:create_model_container: 5
2021-06-24 21:05:14,951:INFO:master_model_container: 5
2021-06-24 21:05:14,951:INFO:display_container: 6
2021-06-24 21:05:14,951:INFO:KNeighborsClassifier(algorithm='auto', leaf_size=30, metric='euclidean',
                     metric_params=None, n_jobs=-1, n_neighbors=45, p=2,
                     weights='uniform')
2021-06-24 21:05:14,951:INFO:create_model() succesfully completed......................................
2021-06-24 21:05:15,048:INFO:SubProcess create_model() end ==================================
2021-06-24 21:05:15,064:INFO:create_model_container: 5
2021-06-24 21:05:15,064:INFO:master_model_container: 5
2021-06-24 21:05:15,064:INFO:display_container: 6
2021-06-24 21:05:15,064:INFO:KNeighborsClassifier(algorithm='auto', leaf_size=30, metric='euclidean',
                     metric_params=None, n_jobs=-1, n_neighbors=45, p=2,
                     weights='uniform')
2021-06-24 21:05:15,064:INFO:tune_model() succesfully completed......................................
2021-06-24 21:05:29,238:INFO:Initializing tune_model()
2021-06-24 21:05:29,238:INFO:tune_model(estimator=RandomForestClassifier(bootstrap=True, ccp_alpha=0.0, class_weight=None,
                       criterion='gini', max_depth=None, max_features='auto',
                       max_leaf_nodes=None, max_samples=None,
                       min_impurity_decrease=0.0, min_impurity_split=None,
                       min_samples_leaf=1, min_samples_split=2,
                       min_weight_fraction_leaf=0.0, n_estimators=100,
                       n_jobs=-1, oob_score=False, random_state=42, verbose=0,
                       warm_start=False), fold=None, round=4, n_iter=10, custom_grid=None, optimize=Accuracy, custom_scorer=None, search_library=scikit-learn, search_algorithm=None, early_stopping=False, early_stopping_max_iters=10, choose_better=False, fit_kwargs=None, groups=None, return_tuner=False, verbose=True, tuner_verbose=True, display=None, kwargs={})
2021-06-24 21:05:29,238:INFO:Checking exceptions
2021-06-24 21:05:29,239:INFO:Preparing display monitor
2021-06-24 21:05:29,263:INFO:Copying training dataset
2021-06-24 21:05:29,266:INFO:Checking base model
2021-06-24 21:05:29,266:INFO:Base model : Random Forest Classifier
2021-06-24 21:05:29,274:INFO:Declaring metric variables
2021-06-24 21:05:29,282:INFO:Defining Hyperparameters
2021-06-24 21:05:29,422:INFO:Tuning with n_jobs=-1
2021-06-24 21:05:29,422:INFO:Initializing RandomizedSearchCV
2021-06-24 21:07:11,769:INFO:Initializing tune_model()
2021-06-24 21:07:11,769:INFO:tune_model(estimator=RandomForestClassifier(bootstrap=True, ccp_alpha=0.0, class_weight=None,
                       criterion='gini', max_depth=None, max_features='auto',
                       max_leaf_nodes=None, max_samples=None,
                       min_impurity_decrease=0.0, min_impurity_split=None,
                       min_samples_leaf=1, min_samples_split=2,
                       min_weight_fraction_leaf=0.0, n_estimators=100,
                       n_jobs=-1, oob_score=False, random_state=42, verbose=0,
                       warm_start=False), fold=None, round=4, n_iter=10, custom_grid=None, optimize=Accuracy, custom_scorer=None, search_library=scikit-learn, search_algorithm=None, early_stopping=False, early_stopping_max_iters=10, choose_better=False, fit_kwargs=None, groups=None, return_tuner=False, verbose=True, tuner_verbose=True, display=None, kwargs={})
2021-06-24 21:07:11,769:INFO:Checking exceptions
2021-06-24 21:07:11,770:INFO:Preparing display monitor
2021-06-24 21:07:11,791:INFO:Copying training dataset
2021-06-24 21:07:11,795:INFO:Checking base model
2021-06-24 21:07:11,795:INFO:Base model : Random Forest Classifier
2021-06-24 21:07:11,810:INFO:Declaring metric variables
2021-06-24 21:07:11,818:INFO:Defining Hyperparameters
2021-06-24 21:07:11,949:INFO:Tuning with n_jobs=-1
2021-06-24 21:07:11,949:INFO:Initializing RandomizedSearchCV
2021-06-24 21:09:02,869:INFO:best_params: {'actual_estimator__n_estimators': 120, 'actual_estimator__min_samples_split': 5, 'actual_estimator__min_samples_leaf': 6, 'actual_estimator__min_impurity_decrease': 0, 'actual_estimator__max_features': 'sqrt', 'actual_estimator__max_depth': 9, 'actual_estimator__criterion': 'gini', 'actual_estimator__class_weight': {}, 'actual_estimator__bootstrap': True}
2021-06-24 21:09:02,870:INFO:Hyperparameter search completed
2021-06-24 21:09:02,870:INFO:SubProcess create_model() called ==================================
2021-06-24 21:09:02,870:INFO:Initializing create_model()
2021-06-24 21:09:02,870:INFO:create_model(estimator=RandomForestClassifier(bootstrap=True, ccp_alpha=0.0, class_weight=None,
                       criterion='gini', max_depth=None, max_features='auto',
                       max_leaf_nodes=None, max_samples=None,
                       min_impurity_decrease=0.0, min_impurity_split=None,
                       min_samples_leaf=1, min_samples_split=2,
                       min_weight_fraction_leaf=0.0, n_estimators=100,
                       n_jobs=-1, oob_score=False, random_state=42, verbose=0,
                       warm_start=False), fold=StratifiedKFold(n_splits=10, random_state=None, shuffle=False), round=4, cross_validation=True, predict=True, fit_kwargs={}, groups=None, refit=True, verbose=True, system=False, metrics=None, display=<pycaret.internal.Display.Display object at 0x7f92929b2dc0>, kwargs={'n_estimators': 120, 'min_samples_split': 5, 'min_samples_leaf': 6, 'min_impurity_decrease': 0, 'max_features': 'sqrt', 'max_depth': 9, 'criterion': 'gini', 'class_weight': {}, 'bootstrap': True})
2021-06-24 21:09:02,870:INFO:Checking exceptions
2021-06-24 21:09:02,870:INFO:Importing libraries
2021-06-24 21:09:02,871:INFO:Copying training dataset
2021-06-24 21:09:02,874:INFO:Defining folds
2021-06-24 21:09:02,874:INFO:Declaring metric variables
2021-06-24 21:09:02,883:INFO:Importing untrained model
2021-06-24 21:09:02,883:INFO:Declaring custom model
2021-06-24 21:09:02,897:INFO:Random Forest Classifier Imported succesfully
2021-06-24 21:09:02,916:INFO:Starting cross validation
2021-06-24 21:09:02,916:INFO:Cross validating with StratifiedKFold(n_splits=10, random_state=None, shuffle=False), n_jobs=-1
2021-06-24 21:09:12,343:INFO:Calculating mean and std
2021-06-24 21:09:12,344:INFO:Creating metrics dataframe
2021-06-24 21:09:12,358:INFO:Finalizing model
2021-06-24 21:09:14,379:INFO:Uploading results into container
2021-06-24 21:09:14,379:INFO:Uploading model into container now
2021-06-24 21:09:14,379:INFO:create_model_container: 6
2021-06-24 21:09:14,379:INFO:master_model_container: 6
2021-06-24 21:09:14,379:INFO:display_container: 7
2021-06-24 21:09:14,379:INFO:RandomForestClassifier(bootstrap=True, ccp_alpha=0.0, class_weight={},
                       criterion='gini', max_depth=9, max_features='sqrt',
                       max_leaf_nodes=None, max_samples=None,
                       min_impurity_decrease=0, min_impurity_split=None,
                       min_samples_leaf=6, min_samples_split=5,
                       min_weight_fraction_leaf=0.0, n_estimators=120,
                       n_jobs=-1, oob_score=False, random_state=42, verbose=0,
                       warm_start=False)
2021-06-24 21:09:14,379:INFO:create_model() succesfully completed......................................
2021-06-24 21:09:14,512:INFO:SubProcess create_model() end ==================================
2021-06-24 21:09:14,527:INFO:create_model_container: 6
2021-06-24 21:09:14,527:INFO:master_model_container: 6
2021-06-24 21:09:14,527:INFO:display_container: 7
2021-06-24 21:09:14,528:INFO:RandomForestClassifier(bootstrap=True, ccp_alpha=0.0, class_weight={},
                       criterion='gini', max_depth=9, max_features='sqrt',
                       max_leaf_nodes=None, max_samples=None,
                       min_impurity_decrease=0, min_impurity_split=None,
                       min_samples_leaf=6, min_samples_split=5,
                       min_weight_fraction_leaf=0.0, n_estimators=120,
                       n_jobs=-1, oob_score=False, random_state=42, verbose=0,
                       warm_start=False)
2021-06-24 21:09:14,528:INFO:tune_model() succesfully completed......................................
2021-06-24 21:11:42,628:INFO:Initializing plot_model()
2021-06-24 21:11:42,629:INFO:plot_model(plot=auc, fold=None, use_train_data=False, verbose=True, is_in_evaluate=False, display=None, display_format=None, estimator=RandomForestClassifier(bootstrap=True, ccp_alpha=0.0, class_weight={},
                       criterion='gini', max_depth=9, max_features='sqrt',
                       max_leaf_nodes=None, max_samples=None,
                       min_impurity_decrease=0, min_impurity_split=None,
                       min_samples_leaf=6, min_samples_split=5,
                       min_weight_fraction_leaf=0.0, n_estimators=120,
                       n_jobs=-1, oob_score=False, random_state=42, verbose=0,
                       warm_start=False), feature_name=None, fit_kwargs=None, groups=None, label=False, save=False, scale=1, system=True)
2021-06-24 21:11:42,629:INFO:Checking exceptions
2021-06-24 21:11:42,682:INFO:Preparing display monitor
2021-06-24 21:11:42,692:INFO:Preloading libraries
2021-06-24 21:11:42,713:INFO:Copying training dataset
2021-06-24 21:11:42,716:INFO:Copying test dataset
2021-06-24 21:11:42,719:INFO:Plot type: auc
2021-06-24 21:11:43,191:INFO:Fitting Model
2021-06-24 21:11:43,195:INFO:Scoring test/hold-out set
2021-06-24 21:11:44,179:INFO:Visual Rendered Successfully
2021-06-24 21:11:44,404:INFO:plot_model() succesfully completed......................................
2021-06-24 21:12:57,100:INFO:Initializing plot_model()
2021-06-24 21:12:57,101:INFO:plot_model(plot=pr, fold=None, use_train_data=False, verbose=True, is_in_evaluate=False, display=None, display_format=None, estimator=RandomForestClassifier(bootstrap=True, ccp_alpha=0.0, class_weight={},
                       criterion='gini', max_depth=9, max_features='sqrt',
                       max_leaf_nodes=None, max_samples=None,
                       min_impurity_decrease=0, min_impurity_split=None,
                       min_samples_leaf=6, min_samples_split=5,
                       min_weight_fraction_leaf=0.0, n_estimators=120,
                       n_jobs=-1, oob_score=False, random_state=42, verbose=0,
                       warm_start=False), feature_name=None, fit_kwargs=None, groups=None, label=False, save=False, scale=1, system=True)
2021-06-24 21:12:57,101:INFO:Checking exceptions
2021-06-24 21:12:57,122:INFO:Preparing display monitor
2021-06-24 21:12:57,128:INFO:Preloading libraries
2021-06-24 21:12:57,144:INFO:Copying training dataset
2021-06-24 21:12:57,147:INFO:Copying test dataset
2021-06-24 21:12:57,149:INFO:Plot type: pr
2021-06-24 21:12:57,177:INFO:Fitting Model
2021-06-24 21:12:57,179:INFO:Scoring test/hold-out set
2021-06-24 21:12:57,657:INFO:Visual Rendered Successfully
2021-06-24 21:12:57,847:INFO:plot_model() succesfully completed......................................
2021-06-24 21:13:54,619:INFO:Initializing plot_model()
2021-06-24 21:13:54,619:INFO:plot_model(plot=feature, fold=None, use_train_data=False, verbose=True, is_in_evaluate=False, display=None, display_format=None, estimator=RandomForestClassifier(bootstrap=True, ccp_alpha=0.0, class_weight={},
                       criterion='gini', max_depth=9, max_features='sqrt',
                       max_leaf_nodes=None, max_samples=None,
                       min_impurity_decrease=0, min_impurity_split=None,
                       min_samples_leaf=6, min_samples_split=5,
                       min_weight_fraction_leaf=0.0, n_estimators=120,
                       n_jobs=-1, oob_score=False, random_state=42, verbose=0,
                       warm_start=False), feature_name=None, fit_kwargs=None, groups=None, label=False, save=False, scale=1, system=True)
2021-06-24 21:13:54,619:INFO:Checking exceptions
2021-06-24 21:13:54,636:INFO:Preparing display monitor
2021-06-24 21:13:54,642:INFO:Preloading libraries
2021-06-24 21:13:54,653:INFO:Copying training dataset
2021-06-24 21:13:54,655:INFO:Copying test dataset
2021-06-24 21:13:54,657:INFO:Plot type: feature
2021-06-24 21:13:54,690:WARNING:No coef_ found. Trying feature_importances_
2021-06-24 21:13:54,907:INFO:Visual Rendered Successfully
2021-06-24 21:13:55,024:INFO:plot_model() succesfully completed......................................
2021-06-24 21:15:08,329:INFO:Initializing plot_model()
2021-06-24 21:15:08,329:INFO:plot_model(plot=confusion_matrix, fold=None, use_train_data=False, verbose=True, is_in_evaluate=False, display=None, display_format=None, estimator=RandomForestClassifier(bootstrap=True, ccp_alpha=0.0, class_weight={},
                       criterion='gini', max_depth=9, max_features='sqrt',
                       max_leaf_nodes=None, max_samples=None,
                       min_impurity_decrease=0, min_impurity_split=None,
                       min_samples_leaf=6, min_samples_split=5,
                       min_weight_fraction_leaf=0.0, n_estimators=120,
                       n_jobs=-1, oob_score=False, random_state=42, verbose=0,
                       warm_start=False), feature_name=None, fit_kwargs=None, groups=None, label=False, save=False, scale=1, system=True)
2021-06-24 21:15:08,329:INFO:Checking exceptions
2021-06-24 21:15:08,348:INFO:Preparing display monitor
2021-06-24 21:15:08,353:INFO:Preloading libraries
2021-06-24 21:15:08,364:INFO:Copying training dataset
2021-06-24 21:15:08,367:INFO:Copying test dataset
2021-06-24 21:15:08,368:INFO:Plot type: confusion_matrix
2021-06-24 21:15:08,402:INFO:Fitting Model
2021-06-24 21:15:08,404:INFO:Scoring test/hold-out set
2021-06-24 21:15:08,622:INFO:Visual Rendered Successfully
2021-06-24 21:15:08,746:INFO:plot_model() succesfully completed......................................
2021-06-24 21:15:36,394:INFO:Initializing evaluate_model()
2021-06-24 21:15:36,395:INFO:evaluate_model(estimator=RandomForestClassifier(bootstrap=True, ccp_alpha=0.0, class_weight={},
                       criterion='gini', max_depth=9, max_features='sqrt',
                       max_leaf_nodes=None, max_samples=None,
                       min_impurity_decrease=0, min_impurity_split=None,
                       min_samples_leaf=6, min_samples_split=5,
                       min_weight_fraction_leaf=0.0, n_estimators=120,
                       n_jobs=-1, oob_score=False, random_state=42, verbose=0,
                       warm_start=False), fold=None, fit_kwargs=None, feature_name=None, groups=None, use_train_data=False)
2021-06-24 21:15:36,409:INFO:Initializing plot_model()
2021-06-24 21:15:36,409:INFO:plot_model(plot=parameter, fold=StratifiedKFold(n_splits=10, random_state=None, shuffle=False), use_train_data=False, verbose=True, is_in_evaluate=True, display=None, display_format=None, estimator=RandomForestClassifier(bootstrap=True, ccp_alpha=0.0, class_weight={},
                       criterion='gini', max_depth=9, max_features='sqrt',
                       max_leaf_nodes=None, max_samples=None,
                       min_impurity_decrease=0, min_impurity_split=None,
                       min_samples_leaf=6, min_samples_split=5,
                       min_weight_fraction_leaf=0.0, n_estimators=120,
                       n_jobs=-1, oob_score=False, random_state=42, verbose=0,
                       warm_start=False), feature_name=None, fit_kwargs={}, groups=None, label=False, save=False, scale=1, system=True)
2021-06-24 21:15:36,409:INFO:Checking exceptions
2021-06-24 21:15:36,422:INFO:Preparing display monitor
2021-06-24 21:15:36,427:INFO:Preloading libraries
2021-06-24 21:15:36,442:INFO:Copying training dataset
2021-06-24 21:15:36,445:INFO:Copying test dataset
2021-06-24 21:15:36,446:INFO:Plot type: parameter
2021-06-24 21:15:36,493:INFO:Visual Rendered Successfully
2021-06-24 21:15:36,695:INFO:plot_model() succesfully completed......................................
2021-06-24 21:15:42,594:INFO:Initializing plot_model()
2021-06-24 21:15:42,595:INFO:plot_model(plot=auc, fold=StratifiedKFold(n_splits=10, random_state=None, shuffle=False), use_train_data=False, verbose=True, is_in_evaluate=True, display=None, display_format=None, estimator=RandomForestClassifier(bootstrap=True, ccp_alpha=0.0, class_weight={},
                       criterion='gini', max_depth=9, max_features='sqrt',
                       max_leaf_nodes=None, max_samples=None,
                       min_impurity_decrease=0, min_impurity_split=None,
                       min_samples_leaf=6, min_samples_split=5,
                       min_weight_fraction_leaf=0.0, n_estimators=120,
                       n_jobs=-1, oob_score=False, random_state=42, verbose=0,
                       warm_start=False), feature_name=None, fit_kwargs={}, groups=None, label=False, save=False, scale=1, system=True)
2021-06-24 21:15:42,595:INFO:Checking exceptions
2021-06-24 21:15:42,610:INFO:Preparing display monitor
2021-06-24 21:15:42,616:INFO:Preloading libraries
2021-06-24 21:15:42,628:INFO:Copying training dataset
2021-06-24 21:15:42,630:INFO:Copying test dataset
2021-06-24 21:15:42,631:INFO:Plot type: auc
2021-06-24 21:15:42,659:INFO:Fitting Model
2021-06-24 21:15:42,660:INFO:Scoring test/hold-out set
2021-06-24 21:15:42,962:INFO:Visual Rendered Successfully
2021-06-24 21:15:43,060:INFO:plot_model() succesfully completed......................................
2021-06-24 21:15:45,307:INFO:Initializing plot_model()
2021-06-24 21:15:45,307:INFO:plot_model(plot=confusion_matrix, fold=StratifiedKFold(n_splits=10, random_state=None, shuffle=False), use_train_data=False, verbose=True, is_in_evaluate=True, display=None, display_format=None, estimator=RandomForestClassifier(bootstrap=True, ccp_alpha=0.0, class_weight={},
                       criterion='gini', max_depth=9, max_features='sqrt',
                       max_leaf_nodes=None, max_samples=None,
                       min_impurity_decrease=0, min_impurity_split=None,
                       min_samples_leaf=6, min_samples_split=5,
                       min_weight_fraction_leaf=0.0, n_estimators=120,
                       n_jobs=-1, oob_score=False, random_state=42, verbose=0,
                       warm_start=False), feature_name=None, fit_kwargs={}, groups=None, label=False, save=False, scale=1, system=True)
2021-06-24 21:15:45,308:INFO:Checking exceptions
2021-06-24 21:15:45,328:INFO:Preparing display monitor
2021-06-24 21:15:45,335:INFO:Preloading libraries
2021-06-24 21:15:45,345:INFO:Copying training dataset
2021-06-24 21:15:45,347:INFO:Copying test dataset
2021-06-24 21:15:45,348:INFO:Plot type: confusion_matrix
2021-06-24 21:15:45,375:INFO:Fitting Model
2021-06-24 21:15:45,376:INFO:Scoring test/hold-out set
2021-06-24 21:15:45,567:INFO:Visual Rendered Successfully
2021-06-24 21:15:45,652:INFO:plot_model() succesfully completed......................................
2021-06-24 21:15:45,858:INFO:Initializing plot_model()
2021-06-24 21:15:45,858:INFO:plot_model(plot=vc, fold=StratifiedKFold(n_splits=10, random_state=None, shuffle=False), use_train_data=False, verbose=True, is_in_evaluate=True, display=None, display_format=None, estimator=RandomForestClassifier(bootstrap=True, ccp_alpha=0.0, class_weight={},
                       criterion='gini', max_depth=9, max_features='sqrt',
                       max_leaf_nodes=None, max_samples=None,
                       min_impurity_decrease=0, min_impurity_split=None,
                       min_samples_leaf=6, min_samples_split=5,
                       min_weight_fraction_leaf=0.0, n_estimators=120,
                       n_jobs=-1, oob_score=False, random_state=42, verbose=0,
                       warm_start=False), feature_name=None, fit_kwargs={}, groups=None, label=False, save=False, scale=1, system=True)
2021-06-24 21:15:45,859:INFO:Checking exceptions
2021-06-24 21:15:45,894:INFO:Preparing display monitor
2021-06-24 21:15:45,899:INFO:Preloading libraries
2021-06-24 21:15:45,910:INFO:Copying training dataset
2021-06-24 21:15:45,912:INFO:Copying test dataset
2021-06-24 21:15:45,913:INFO:Plot type: vc
2021-06-24 21:15:45,938:INFO:Determining param_name
2021-06-24 21:15:45,938:INFO:param_name: actual_estimator__max_depth
2021-06-24 21:15:45,979:INFO:Fitting Model
2021-06-24 21:16:26,306:INFO:Visual Rendered Successfully
2021-06-24 21:16:26,451:INFO:plot_model() succesfully completed......................................
2021-06-24 21:16:26,594:INFO:Initializing plot_model()
2021-06-24 21:16:26,594:INFO:plot_model(plot=parameter, fold=StratifiedKFold(n_splits=10, random_state=None, shuffle=False), use_train_data=False, verbose=True, is_in_evaluate=True, display=None, display_format=None, estimator=RandomForestClassifier(bootstrap=True, ccp_alpha=0.0, class_weight={},
                       criterion='gini', max_depth=9, max_features='sqrt',
                       max_leaf_nodes=None, max_samples=None,
                       min_impurity_decrease=0, min_impurity_split=None,
                       min_samples_leaf=6, min_samples_split=5,
                       min_weight_fraction_leaf=0.0, n_estimators=120,
                       n_jobs=-1, oob_score=False, random_state=42, verbose=0,
                       warm_start=False), feature_name=None, fit_kwargs={}, groups=None, label=False, save=False, scale=1, system=True)
2021-06-24 21:16:26,594:INFO:Checking exceptions
2021-06-24 21:16:26,613:INFO:Preparing display monitor
2021-06-24 21:16:26,621:INFO:Preloading libraries
2021-06-24 21:16:26,640:INFO:Copying training dataset
2021-06-24 21:16:26,644:INFO:Copying test dataset
2021-06-24 21:16:26,645:INFO:Plot type: parameter
2021-06-24 21:16:26,680:INFO:Visual Rendered Successfully
2021-06-24 21:16:26,801:INFO:plot_model() succesfully completed......................................
2021-06-24 21:16:29,489:INFO:Initializing plot_model()
2021-06-24 21:16:29,489:INFO:plot_model(plot=auc, fold=StratifiedKFold(n_splits=10, random_state=None, shuffle=False), use_train_data=False, verbose=True, is_in_evaluate=True, display=None, display_format=None, estimator=RandomForestClassifier(bootstrap=True, ccp_alpha=0.0, class_weight={},
                       criterion='gini', max_depth=9, max_features='sqrt',
                       max_leaf_nodes=None, max_samples=None,
                       min_impurity_decrease=0, min_impurity_split=None,
                       min_samples_leaf=6, min_samples_split=5,
                       min_weight_fraction_leaf=0.0, n_estimators=120,
                       n_jobs=-1, oob_score=False, random_state=42, verbose=0,
                       warm_start=False), feature_name=None, fit_kwargs={}, groups=None, label=False, save=False, scale=1, system=True)
2021-06-24 21:16:29,489:INFO:Checking exceptions
2021-06-24 21:16:29,509:INFO:Preparing display monitor
2021-06-24 21:16:29,516:INFO:Preloading libraries
2021-06-24 21:16:29,528:INFO:Copying training dataset
2021-06-24 21:16:29,530:INFO:Copying test dataset
2021-06-24 21:16:29,532:INFO:Plot type: auc
2021-06-24 21:16:29,560:INFO:Fitting Model
2021-06-24 21:16:29,562:INFO:Scoring test/hold-out set
2021-06-24 21:16:29,873:INFO:Visual Rendered Successfully
2021-06-24 21:16:29,952:INFO:plot_model() succesfully completed......................................
2021-06-24 21:16:36,332:INFO:Initializing predict_model()
2021-06-24 21:16:36,333:INFO:predict_model(estimator=RandomForestClassifier(bootstrap=True, ccp_alpha=0.0, class_weight={},
                       criterion='gini', max_depth=9, max_features='sqrt',
                       max_leaf_nodes=None, max_samples=None,
                       min_impurity_decrease=0, min_impurity_split=None,
                       min_samples_leaf=6, min_samples_split=5,
                       min_weight_fraction_leaf=0.0, n_estimators=120,
                       n_jobs=-1, oob_score=False, random_state=42, verbose=0,
                       warm_start=False), probability_threshold=None, encoded_labels=False, raw_score=False, round=4, verbose=True, ml_usecase=MLUsecase.CLASSIFICATION, display=None)
2021-06-24 21:16:36,333:INFO:Checking exceptions
2021-06-24 21:16:36,333:INFO:Preloading libraries
2021-06-24 21:16:36,333:INFO:Preparing display monitor
2021-06-24 21:17:17,088:INFO:Initializing predict_model()
2021-06-24 21:17:17,088:INFO:predict_model(estimator=RandomForestClassifier(bootstrap=True, ccp_alpha=0.0, class_weight={},
                       criterion='gini', max_depth=9, max_features='sqrt',
                       max_leaf_nodes=None, max_samples=None,
                       min_impurity_decrease=0, min_impurity_split=None,
                       min_samples_leaf=6, min_samples_split=5,
                       min_weight_fraction_leaf=0.0, n_estimators=120,
                       n_jobs=-1, oob_score=False, random_state=42, verbose=0,
                       warm_start=False), probability_threshold=None, encoded_labels=False, raw_score=False, round=4, verbose=True, ml_usecase=MLUsecase.CLASSIFICATION, display=None)
2021-06-24 21:17:17,089:INFO:Checking exceptions
2021-06-24 21:17:17,089:INFO:Preloading libraries
2021-06-24 21:17:17,089:INFO:Preparing display monitor
2021-06-24 21:17:59,162:INFO:Initializing finalize_model()
2021-06-24 21:17:59,163:INFO:finalize_model(estimator=RandomForestClassifier(bootstrap=True, ccp_alpha=0.0, class_weight={},
                       criterion='gini', max_depth=9, max_features='sqrt',
                       max_leaf_nodes=None, max_samples=None,
                       min_impurity_decrease=0, min_impurity_split=None,
                       min_samples_leaf=6, min_samples_split=5,
                       min_weight_fraction_leaf=0.0, n_estimators=120,
                       n_jobs=-1, oob_score=False, random_state=42, verbose=0,
                       warm_start=False), fit_kwargs=None, groups=None, model_only=True, display=None)
2021-06-24 21:17:59,163:INFO:Finalizing RandomForestClassifier(bootstrap=True, ccp_alpha=0.0, class_weight={},
                       criterion='gini', max_depth=9, max_features='sqrt',
                       max_leaf_nodes=None, max_samples=None,
                       min_impurity_decrease=0, min_impurity_split=None,
                       min_samples_leaf=6, min_samples_split=5,
                       min_weight_fraction_leaf=0.0, n_estimators=120,
                       n_jobs=-1, oob_score=False, random_state=42, verbose=0,
                       warm_start=False)
2021-06-24 21:17:59,164:INFO:Initializing create_model()
2021-06-24 21:17:59,164:INFO:create_model(estimator=RandomForestClassifier(bootstrap=True, ccp_alpha=0.0, class_weight={},
                       criterion='gini', max_depth=9, max_features='sqrt',
                       max_leaf_nodes=None, max_samples=None,
                       min_impurity_decrease=0, min_impurity_split=None,
                       min_samples_leaf=6, min_samples_split=5,
                       min_weight_fraction_leaf=0.0, n_estimators=120,
                       n_jobs=-1, oob_score=False, random_state=42, verbose=0,
                       warm_start=False), fold=None, round=4, cross_validation=True, predict=True, fit_kwargs={}, groups=None, refit=True, verbose=False, system=False, metrics=None, display=None, kwargs={})
2021-06-24 21:17:59,164:INFO:Checking exceptions
2021-06-24 21:17:59,165:INFO:Importing libraries
2021-06-24 21:17:59,165:INFO:Copying training dataset
2021-06-24 21:17:59,170:INFO:Defining folds
2021-06-24 21:17:59,170:INFO:Declaring metric variables
2021-06-24 21:17:59,170:INFO:Importing untrained model
2021-06-24 21:17:59,170:INFO:Declaring custom model
2021-06-24 21:17:59,171:INFO:Random Forest Classifier Imported succesfully
2021-06-24 21:17:59,172:INFO:Starting cross validation
2021-06-24 21:17:59,172:INFO:Cross validating with StratifiedKFold(n_splits=10, random_state=None, shuffle=False), n_jobs=-1
2021-06-24 21:18:07,969:INFO:Calculating mean and std
2021-06-24 21:18:07,969:INFO:Creating metrics dataframe
2021-06-24 21:18:07,976:INFO:Finalizing model
2021-06-24 21:18:08,974:INFO:Uploading results into container
2021-06-24 21:18:08,974:INFO:Uploading model into container now
2021-06-24 21:18:08,974:INFO:create_model_container: 7
2021-06-24 21:18:08,974:INFO:master_model_container: 7
2021-06-24 21:18:08,974:INFO:display_container: 10
2021-06-24 21:18:08,974:INFO:RandomForestClassifier(bootstrap=True, ccp_alpha=0.0, class_weight={},
                       criterion='gini', max_depth=9, max_features='sqrt',
                       max_leaf_nodes=None, max_samples=None,
                       min_impurity_decrease=0, min_impurity_split=None,
                       min_samples_leaf=6, min_samples_split=5,
                       min_weight_fraction_leaf=0.0, n_estimators=120,
                       n_jobs=-1, oob_score=False, random_state=42, verbose=0,
                       warm_start=False)
2021-06-24 21:18:08,974:INFO:create_model() succesfully completed......................................
2021-06-24 21:18:09,103:INFO:create_model_container: 7
2021-06-24 21:18:09,103:INFO:master_model_container: 7
2021-06-24 21:18:09,103:INFO:display_container: 9
2021-06-24 21:18:09,103:INFO:RandomForestClassifier(bootstrap=True, ccp_alpha=0.0, class_weight={},
                       criterion='gini', max_depth=9, max_features='sqrt',
                       max_leaf_nodes=None, max_samples=None,
                       min_impurity_decrease=0, min_impurity_split=None,
                       min_samples_leaf=6, min_samples_split=5,
                       min_weight_fraction_leaf=0.0, n_estimators=120,
                       n_jobs=-1, oob_score=False, random_state=42, verbose=0,
                       warm_start=False)
2021-06-24 21:18:09,103:INFO:finalize_model() succesfully completed......................................
